<?xml version="1.0" encoding="UTF-8"?>
<!-- Generated by org.testng.reporters.JUnitReportReporter -->
<testsuite hostname="Indian-PC" failures="0" tests="2" name="com.pom.qa.testcases.NavigateEbayPageTest" time="18.663" errors="0" timestamp="2020-07-16T13:43:44 IST" skipped="0">
  <testcase classname="com.pom.qa.testcases.NavigateEbayPageTest" name="verifyFirstItemPrice" time="17.504"/>
  <system-out/>
  <testcase classname="com.pom.qa.testcases.NavigateEbayPageTest" name="ValidateFirstPrlicelist" time="1.159"/>
  <system-out/>
</testsuite> <!-- com.pom.qa.testcases.NavigateEbayPageTest -->
