<?xml version="1.0" encoding="UTF-8"?>
<!-- Generated by org.testng.reporters.JUnitReportReporter -->
<testsuite hostname="Indian-PC" failures="0" tests="1" name="com.pom.qa.testcases.LoginPageTest" time="51.313" errors="0" timestamp="2020-07-15T19:42:45 IST" skipped="0">
  <testcase classname="com.pom.qa.testcases.LoginPageTest" name="WorkBenchOutput" time="51.313"/>
  <system-out/>
</testsuite> <!-- com.pom.qa.testcases.LoginPageTest -->
