<?xml version="1.0" encoding="UTF-8"?>
<!-- Generated by org.testng.reporters.JUnitReportReporter -->
<testsuite hostname="system4" failures="0" tests="2" name="com.test.task.gmailebay.LoginGmailPageTest" time="9.104" errors="0" timestamp="2020-12-23T18:02:05 IST" skipped="0">
  <testcase classname="com.test.task.gmailebay.LoginGmailPageTest" name="verifyValidLogin" time="9.091"/>
  <system-out/>
  <testcase classname="com.test.task.gmailebay.LoginGmailPageTest" name="gmailtitletest" time="0.013"/>
  <system-out/>
</testsuite> <!-- com.test.task.gmailebay.LoginGmailPageTest -->
